<?xml version="1.0" encoding="UTF-8"?>
<testng-results ignored="0" total="1" passed="1" failed="0" skipped="0">
  <reporter-output>
  </reporter-output>
  <suite started-at="2023-11-13T22:35:00Z" name="Default suite" finished-at="2023-11-13T22:35:05Z" duration-ms="4601">
    <groups>
    </groups>
    <test started-at="2023-11-13T22:35:00Z" name="Default test" finished-at="2023-11-13T22:35:05Z" duration-ms="4601">
      <class name="RestAssuredPh3Project.EndToEndTests">
        <test-method signature="testEndToEnd()[pri:0, instance:RestAssuredPh3Project.EndToEndTests@51133c06]" started-at="2023-11-13T22:35:00Z" name="testEndToEnd" finished-at="2023-11-13T22:35:05Z" duration-ms="4589" status="PASS">
          <reporter-output>
          </reporter-output>
        </test-method> <!-- testEndToEnd -->
      </class> <!-- RestAssuredPh3Project.EndToEndTests -->
    </test> <!-- Default test -->
  </suite> <!-- Default suite -->
</testng-results>
